<?xml version="1.0" encoding="UTF-8"?>
<!-- Generated by org.testng.reporters.JUnitReportReporter -->
<testsuite hostname="DESKTOP-LN74GU8" failures="0" tests="1" name="com.rmgyantra.CRUDoperationWithBDD.GetPResourcesTest" time="3.673" errors="0" timestamp="2022-02-25T12:05:39 IST" skipped="0">
  <testcase classname="com.rmgyantra.CRUDoperationWithBDD.GetPResourcesTest" name="getProjectTest" time="3.673"/>
  <system-out/>
</testsuite> <!-- com.rmgyantra.CRUDoperationWithBDD.GetPResourcesTest -->
